Determining if the pthread_create exist failed with the following output:
Change Dir: /home/aluno/Kagami/kagami-automata-visualization/CMakeFiles/CMakeTmp

Run Build Command:"/usr/bin/make" "cmTC_5ee3f/fast"
/usr/bin/make -f CMakeFiles/cmTC_5ee3f.dir/build.make CMakeFiles/cmTC_5ee3f.dir/build
make[1]: Entrando no diretório `/home/aluno/Kagami/kagami-automata-visualization/CMakeFiles/CMakeTmp'
Building C object CMakeFiles/cmTC_5ee3f.dir/CheckSymbolExists.c.o
/usr/bin/cc    -o CMakeFiles/cmTC_5ee3f.dir/CheckSymbolExists.c.o   -c /home/aluno/Kagami/kagami-automata-visualization/CMakeFiles/CMakeTmp/CheckSymbolExists.c
Linking C executable cmTC_5ee3f
/usr/local/bin/cmake -E cmake_link_script CMakeFiles/cmTC_5ee3f.dir/link.txt --verbose=1
/usr/bin/cc      -rdynamic CMakeFiles/cmTC_5ee3f.dir/CheckSymbolExists.c.o  -o cmTC_5ee3f 
CMakeFiles/cmTC_5ee3f.dir/CheckSymbolExists.c.o: na função `main':
CheckSymbolExists.c:(.text+0x16): referência indefinida para `pthread_create'
collect2: error: ld returned 1 exit status
make[1]: ** [cmTC_5ee3f] Erro 1
make[1]: Saindo do diretório `/home/aluno/Kagami/kagami-automata-visualization/CMakeFiles/CMakeTmp'
make: ** [cmTC_5ee3f/fast] Erro 2

File /home/aluno/Kagami/kagami-automata-visualization/CMakeFiles/CMakeTmp/CheckSymbolExists.c:
/* */
#include <pthread.h>

int main(int argc, char** argv)
{
  (void)argv;
#ifndef pthread_create
  return ((int*)(&pthread_create))[argc];
#else
  (void)argc;
  return 0;
#endif
}

Determining if the function pthread_create exists in the pthreads failed with the following output:
Change Dir: /home/aluno/Kagami/kagami-automata-visualization/CMakeFiles/CMakeTmp

Run Build Command:"/usr/bin/make" "cmTC_ef921/fast"
/usr/bin/make -f CMakeFiles/cmTC_ef921.dir/build.make CMakeFiles/cmTC_ef921.dir/build
make[1]: Entrando no diretório `/home/aluno/Kagami/kagami-automata-visualization/CMakeFiles/CMakeTmp'
Building C object CMakeFiles/cmTC_ef921.dir/CheckFunctionExists.c.o
/usr/bin/cc   -DCHECK_FUNCTION_EXISTS=pthread_create   -o CMakeFiles/cmTC_ef921.dir/CheckFunctionExists.c.o   -c /usr/local/share/cmake-3.9/Modules/CheckFunctionExists.c
Linking C executable cmTC_ef921
/usr/local/bin/cmake -E cmake_link_script CMakeFiles/cmTC_ef921.dir/link.txt --verbose=1
/usr/bin/cc  -DCHECK_FUNCTION_EXISTS=pthread_create    -rdynamic CMakeFiles/cmTC_ef921.dir/CheckFunctionExists.c.o  -o cmTC_ef921 -lpthreads 
/usr/bin/ld: não foi possível encontrar -lpthreads
collect2: error: ld returned 1 exit status
make[1]: ** [cmTC_ef921] Erro 1
make[1]: Saindo do diretório `/home/aluno/Kagami/kagami-automata-visualization/CMakeFiles/CMakeTmp'
make: ** [cmTC_ef921/fast] Erro 2


Determining if the pthread_create exist failed with the following output:
Change Dir: /home/aluno/Kagami/kagami-automata-visualization/CMakeFiles/CMakeTmp

Run Build Command:"/usr/bin/make" "cmTC_1c499/fast"
/usr/bin/make -f CMakeFiles/cmTC_1c499.dir/build.make CMakeFiles/cmTC_1c499.dir/build
make[1]: Entrando no diretório `/home/aluno/Kagami/kagami-automata-visualization/CMakeFiles/CMakeTmp'
Building C object CMakeFiles/cmTC_1c499.dir/CheckSymbolExists.c.o
/usr/bin/cc    -o CMakeFiles/cmTC_1c499.dir/CheckSymbolExists.c.o   -c /home/aluno/Kagami/kagami-automata-visualization/CMakeFiles/CMakeTmp/CheckSymbolExists.c
Linking C executable cmTC_1c499
/usr/local/bin/cmake -E cmake_link_script CMakeFiles/cmTC_1c499.dir/link.txt --verbose=1
/usr/bin/cc      -rdynamic CMakeFiles/cmTC_1c499.dir/CheckSymbolExists.c.o  -o cmTC_1c499 
CMakeFiles/cmTC_1c499.dir/CheckSymbolExists.c.o: na função `main':
CheckSymbolExists.c:(.text+0x16): referência indefinida para `pthread_create'
collect2: error: ld returned 1 exit status
make[1]: ** [cmTC_1c499] Erro 1
make[1]: Saindo do diretório `/home/aluno/Kagami/kagami-automata-visualization/CMakeFiles/CMakeTmp'
make: ** [cmTC_1c499/fast] Erro 2

File /home/aluno/Kagami/kagami-automata-visualization/CMakeFiles/CMakeTmp/CheckSymbolExists.c:
/* */
#include <pthread.h>

int main(int argc, char** argv)
{
  (void)argv;
#ifndef pthread_create
  return ((int*)(&pthread_create))[argc];
#else
  (void)argc;
  return 0;
#endif
}

Determining if the function pthread_create exists in the pthreads failed with the following output:
Change Dir: /home/aluno/Kagami/kagami-automata-visualization/CMakeFiles/CMakeTmp

Run Build Command:"/usr/bin/make" "cmTC_0c1f4/fast"
/usr/bin/make -f CMakeFiles/cmTC_0c1f4.dir/build.make CMakeFiles/cmTC_0c1f4.dir/build
make[1]: Entrando no diretório `/home/aluno/Kagami/kagami-automata-visualization/CMakeFiles/CMakeTmp'
Building C object CMakeFiles/cmTC_0c1f4.dir/CheckFunctionExists.c.o
/usr/bin/cc   -DCHECK_FUNCTION_EXISTS=pthread_create   -o CMakeFiles/cmTC_0c1f4.dir/CheckFunctionExists.c.o   -c /usr/local/share/cmake-3.9/Modules/CheckFunctionExists.c
Linking C executable cmTC_0c1f4
/usr/local/bin/cmake -E cmake_link_script CMakeFiles/cmTC_0c1f4.dir/link.txt --verbose=1
/usr/bin/cc  -DCHECK_FUNCTION_EXISTS=pthread_create    -rdynamic CMakeFiles/cmTC_0c1f4.dir/CheckFunctionExists.c.o  -o cmTC_0c1f4 -lpthreads 
/usr/bin/ld: não foi possível encontrar -lpthreads
collect2: error: ld returned 1 exit status
make[1]: ** [cmTC_0c1f4] Erro 1
make[1]: Saindo do diretório `/home/aluno/Kagami/kagami-automata-visualization/CMakeFiles/CMakeTmp'
make: ** [cmTC_0c1f4/fast] Erro 2


Determining if the pthread_create exist failed with the following output:
Change Dir: /home/aluno/Kagami/kagami-automata-visualization/CMakeFiles/CMakeTmp

Run Build Command:"/usr/bin/make" "cmTC_ebefc/fast"
/usr/bin/make -f CMakeFiles/cmTC_ebefc.dir/build.make CMakeFiles/cmTC_ebefc.dir/build
make[1]: Entrando no diretório `/home/aluno/Kagami/kagami-automata-visualization/CMakeFiles/CMakeTmp'
Building C object CMakeFiles/cmTC_ebefc.dir/CheckSymbolExists.c.o
/usr/bin/cc    -o CMakeFiles/cmTC_ebefc.dir/CheckSymbolExists.c.o   -c /home/aluno/Kagami/kagami-automata-visualization/CMakeFiles/CMakeTmp/CheckSymbolExists.c
Linking C executable cmTC_ebefc
/usr/local/bin/cmake -E cmake_link_script CMakeFiles/cmTC_ebefc.dir/link.txt --verbose=1
/usr/bin/cc      -rdynamic CMakeFiles/cmTC_ebefc.dir/CheckSymbolExists.c.o  -o cmTC_ebefc 
CMakeFiles/cmTC_ebefc.dir/CheckSymbolExists.c.o: na função `main':
CheckSymbolExists.c:(.text+0x16): referência indefinida para `pthread_create'
collect2: error: ld returned 1 exit status
make[1]: ** [cmTC_ebefc] Erro 1
make[1]: Saindo do diretório `/home/aluno/Kagami/kagami-automata-visualization/CMakeFiles/CMakeTmp'
make: ** [cmTC_ebefc/fast] Erro 2

File /home/aluno/Kagami/kagami-automata-visualization/CMakeFiles/CMakeTmp/CheckSymbolExists.c:
/* */
#include <pthread.h>

int main(int argc, char** argv)
{
  (void)argv;
#ifndef pthread_create
  return ((int*)(&pthread_create))[argc];
#else
  (void)argc;
  return 0;
#endif
}

Determining if the function pthread_create exists in the pthreads failed with the following output:
Change Dir: /home/aluno/Kagami/kagami-automata-visualization/CMakeFiles/CMakeTmp

Run Build Command:"/usr/bin/make" "cmTC_ec23d/fast"
/usr/bin/make -f CMakeFiles/cmTC_ec23d.dir/build.make CMakeFiles/cmTC_ec23d.dir/build
make[1]: Entrando no diretório `/home/aluno/Kagami/kagami-automata-visualization/CMakeFiles/CMakeTmp'
Building C object CMakeFiles/cmTC_ec23d.dir/CheckFunctionExists.c.o
/usr/bin/cc   -DCHECK_FUNCTION_EXISTS=pthread_create   -o CMakeFiles/cmTC_ec23d.dir/CheckFunctionExists.c.o   -c /usr/local/share/cmake-3.9/Modules/CheckFunctionExists.c
Linking C executable cmTC_ec23d
/usr/local/bin/cmake -E cmake_link_script CMakeFiles/cmTC_ec23d.dir/link.txt --verbose=1
/usr/bin/cc  -DCHECK_FUNCTION_EXISTS=pthread_create    -rdynamic CMakeFiles/cmTC_ec23d.dir/CheckFunctionExists.c.o  -o cmTC_ec23d -lpthreads 
/usr/bin/ld: não foi possível encontrar -lpthreads
collect2: error: ld returned 1 exit status
make[1]: ** [cmTC_ec23d] Erro 1
make[1]: Saindo do diretório `/home/aluno/Kagami/kagami-automata-visualization/CMakeFiles/CMakeTmp'
make: ** [cmTC_ec23d/fast] Erro 2


Determining if the pthread_create exist failed with the following output:
Change Dir: /home/aluno/Kagami/kagami-automata-visualization/CMakeFiles/CMakeTmp

Run Build Command:"/usr/bin/make" "cmTC_1b361/fast"
/usr/bin/make -f CMakeFiles/cmTC_1b361.dir/build.make CMakeFiles/cmTC_1b361.dir/build
make[1]: Entrando no diretório `/home/aluno/Kagami/kagami-automata-visualization/CMakeFiles/CMakeTmp'
Building C object CMakeFiles/cmTC_1b361.dir/CheckSymbolExists.c.o
/usr/bin/cc    -o CMakeFiles/cmTC_1b361.dir/CheckSymbolExists.c.o   -c /home/aluno/Kagami/kagami-automata-visualization/CMakeFiles/CMakeTmp/CheckSymbolExists.c
Linking C executable cmTC_1b361
/usr/local/bin/cmake -E cmake_link_script CMakeFiles/cmTC_1b361.dir/link.txt --verbose=1
/usr/bin/cc      -rdynamic CMakeFiles/cmTC_1b361.dir/CheckSymbolExists.c.o  -o cmTC_1b361 
CMakeFiles/cmTC_1b361.dir/CheckSymbolExists.c.o: na função `main':
CheckSymbolExists.c:(.text+0x16): referência indefinida para `pthread_create'
collect2: error: ld returned 1 exit status
make[1]: ** [cmTC_1b361] Erro 1
make[1]: Saindo do diretório `/home/aluno/Kagami/kagami-automata-visualization/CMakeFiles/CMakeTmp'
make: ** [cmTC_1b361/fast] Erro 2

File /home/aluno/Kagami/kagami-automata-visualization/CMakeFiles/CMakeTmp/CheckSymbolExists.c:
/* */
#include <pthread.h>

int main(int argc, char** argv)
{
  (void)argv;
#ifndef pthread_create
  return ((int*)(&pthread_create))[argc];
#else
  (void)argc;
  return 0;
#endif
}

Determining if the function pthread_create exists in the pthreads failed with the following output:
Change Dir: /home/aluno/Kagami/kagami-automata-visualization/CMakeFiles/CMakeTmp

Run Build Command:"/usr/bin/make" "cmTC_9c86c/fast"
/usr/bin/make -f CMakeFiles/cmTC_9c86c.dir/build.make CMakeFiles/cmTC_9c86c.dir/build
make[1]: Entrando no diretório `/home/aluno/Kagami/kagami-automata-visualization/CMakeFiles/CMakeTmp'
Building C object CMakeFiles/cmTC_9c86c.dir/CheckFunctionExists.c.o
/usr/bin/cc   -DCHECK_FUNCTION_EXISTS=pthread_create   -o CMakeFiles/cmTC_9c86c.dir/CheckFunctionExists.c.o   -c /usr/local/share/cmake-3.9/Modules/CheckFunctionExists.c
Linking C executable cmTC_9c86c
/usr/local/bin/cmake -E cmake_link_script CMakeFiles/cmTC_9c86c.dir/link.txt --verbose=1
/usr/bin/cc  -DCHECK_FUNCTION_EXISTS=pthread_create    -rdynamic CMakeFiles/cmTC_9c86c.dir/CheckFunctionExists.c.o  -o cmTC_9c86c -lpthreads 
/usr/bin/ld: não foi possível encontrar -lpthreads
collect2: error: ld returned 1 exit status
make[1]: ** [cmTC_9c86c] Erro 1
make[1]: Saindo do diretório `/home/aluno/Kagami/kagami-automata-visualization/CMakeFiles/CMakeTmp'
make: ** [cmTC_9c86c/fast] Erro 2


